<?xml version="1.0" encoding="UTF-8"?>
<coverage generated="1571247356277" clover="3.2.0">
  <project timestamp="1571247356277" name="All files">
    <metrics statements="14" coveredstatements="14" conditionals="6" coveredconditionals="6" methods="1" coveredmethods="1" elements="21" coveredelements="21" complexity="0" loc="14" ncloc="14" packages="1" files="1" classes="1"/>
    <file name="index.js" path="/Users/polyana9350/Documents/word-pattern/index.js">
      <metrics statements="14" coveredstatements="14" conditionals="6" coveredconditionals="6" methods="1" coveredmethods="1"/>
      <line num="13" count="7" type="stmt"/>
      <line num="14" count="7" type="stmt"/>
      <line num="17" count="7" type="cond" truecount="2" falsecount="0"/>
      <line num="18" count="1" type="stmt"/>
      <line num="21" count="6" type="stmt"/>
      <line num="22" count="6" type="stmt"/>
      <line num="24" count="6" type="stmt"/>
      <line num="25" count="24" type="stmt"/>
      <line num="26" count="24" type="stmt"/>
      <line num="29" count="6" type="stmt"/>
      <line num="31" count="6" type="cond" truecount="2" falsecount="0"/>
      <line num="36" count="3" type="stmt"/>
      <line num="38" count="3" type="stmt"/>
      <line num="42" count="1" type="stmt"/>
    </file>
  </project>
</coverage>
