{"/Users/polyana9350/Documents/word-pattern/index.js": {"path":"/Users/polyana9350/Documents/word-pattern/index.js","statementMap":{"0":{"start":{"line":13,"column":17},"end":{"line":13,"column":31}},"1":{"start":{"line":14,"column":17},"end":{"line":14,"column":34}},"2":{"start":{"line":17,"column":2},"end":{"line":19,"column":3}},"3":{"start":{"line":18,"column":4},"end":{"line":18,"column":17}},"4":{"start":{"line":21,"column":15},"end":{"line":21,"column":24}},"5":{"start":{"line":22,"column":15},"end":{"line":22,"column":24}},"6":{"start":{"line":24,"column":2},"end":{"line":27,"column":3}},"7":{"start":{"line":24,"column":15},"end":{"line":24,"column":16}},"8":{"start":{"line":25,"column":4},"end":{"line":25,"column":41}},"9":{"start":{"line":26,"column":4},"end":{"line":26,"column":41}},"10":{"start":{"line":29,"column":18},"end":{"line":29,"column":33}},"11":{"start":{"line":31,"column":2},"end":{"line":39,"column":3}},"12":{"start":{"line":36,"column":4},"end":{"line":36,"column":17}},"13":{"start":{"line":38,"column":4},"end":{"line":38,"column":16}},"14":{"start":{"line":42,"column":0},"end":{"line":42,"column":29}}},"fnMap":{"0":{"name":"wordPattern","decl":{"start":{"line":12,"column":9},"end":{"line":12,"column":20}},"loc":{"start":{"line":12,"column":35},"end":{"line":40,"column":1}},"line":12}},"branchMap":{"0":{"loc":{"start":{"line":17,"column":2},"end":{"line":19,"column":3}},"type":"if","locations":[{"start":{"line":17,"column":2},"end":{"line":19,"column":3}},{"start":{"line":17,"column":2},"end":{"line":19,"column":3}}],"line":17},"1":{"loc":{"start":{"line":31,"column":2},"end":{"line":39,"column":3}},"type":"if","locations":[{"start":{"line":31,"column":2},"end":{"line":39,"column":3}},{"start":{"line":31,"column":2},"end":{"line":39,"column":3}}],"line":31},"2":{"loc":{"start":{"line":33,"column":4},"end":{"line":34,"column":53}},"type":"binary-expr","locations":[{"start":{"line":33,"column":4},"end":{"line":33,"column":31}},{"start":{"line":34,"column":4},"end":{"line":34,"column":53}}],"line":33}},"s":{"0":7,"1":7,"2":7,"3":1,"4":6,"5":6,"6":6,"7":6,"8":24,"9":24,"10":6,"11":6,"12":3,"13":3,"14":1},"f":{"0":7},"b":{"0":[1,6],"1":[3,3],"2":[6,3]},"_coverageSchema":"43e27e138ebf9cfc5966b082cf9a028302ed4184","hash":"076f1b91bfc185954ce6adac9ec5d1959f47662a"}
}
